c:\users\40174030\documents\pang\debug\pang.pch
c:\users\40174030\documents\pang\debug\vc141.pdb
c:\users\40174030\documents\pang\debug\vc141.idb
c:\users\40174030\documents\pang\debug\stdafx.obj
c:\users\40174030\documents\pang\debug\game.obj
c:\users\40174030\documents\pang\debug\gameball.obj
c:\users\40174030\documents\pang\debug\gameobjectmanager.obj
c:\users\40174030\documents\pang\debug\mainmenu.obj
c:\users\40174030\documents\pang\debug\pang.obj
c:\users\40174030\documents\pang\debug\playerpaddle.obj
c:\users\40174030\documents\pang\debug\splashscreen.obj
c:\users\40174030\documents\pang\debug\visiblegameobject.obj
c:\users\40174030\documents\pang\debug\pang.exe
c:\users\40174030\documents\pang\debug\pang.ilk
c:\users\40174030\documents\pang\debug\pang.pdb
c:\users\40174030\documents\pang\debug\pang.tlog\cl.command.1.tlog
c:\users\40174030\documents\pang\debug\pang.tlog\cl.read.1.tlog
c:\users\40174030\documents\pang\debug\pang.tlog\cl.write.1.tlog
c:\users\40174030\documents\pang\debug\pang.tlog\link.command.1.tlog
c:\users\40174030\documents\pang\debug\pang.tlog\link.read.1.tlog
c:\users\40174030\documents\pang\debug\pang.tlog\link.write.1.tlog
